\BOOKMARK [0][]{CAPA.0}{CAPA}{}% 1
\BOOKMARK [0][]{VERSO.0}{VERSO}{}% 2
\BOOKMARK [0][]{FOLHA DE ROSTO.0}{FOLHA DE ROSTO}{}% 3
\BOOKMARK [0][]{.0}{TERMOS DE USO}{}% 4
\BOOKMARK [0][]{nomeresumo.0}{RESUMO}{}% 5
\BOOKMARK [0][]{listfigurename.0}{LISTA DE FIGURAS}{}% 6
\BOOKMARK [0][]{listtablename.0}{LISTA DE TABELAS}{}% 7
\BOOKMARK [0][]{contentsname.0}{SUM\301RIO}{}% 8
\BOOKMARK [0][]{chapter.1}{1 INTRODU\307\303O}{}% 9
\BOOKMARK [1][]{section.1.1}{1.1 Objetivo}{chapter.1}% 10
\BOOKMARK [1][]{section.1.2}{1.2 Organiza\347\343o do texto}{chapter.1}% 11
\BOOKMARK [0][]{chapter.2}{2 NanosatC-Br1}{}% 12
\BOOKMARK [1][]{section.2.1}{2.1 Miss\343o}{chapter.2}% 13
\BOOKMARK [1][]{section.2.2}{2.2 Descri\347\343o}{chapter.2}% 14
\BOOKMARK [1][]{section.2.3}{2.3 Funcionamento}{chapter.2}% 15
\BOOKMARK [1][]{section.2.4}{2.4 Equipamentos}{chapter.2}% 16
\BOOKMARK [0][]{chapter.3}{3 OSIRIS-REx}{}% 17
\BOOKMARK [1][]{section.3.1}{3.1 Miss\343o}{chapter.3}% 18
\BOOKMARK [1][]{section.3.2}{3.2 Descri\347\343o}{chapter.3}% 19
\BOOKMARK [1][]{section.3.3}{3.3 Funcionamento}{chapter.3}% 20
\BOOKMARK [1][]{section.3.4}{3.4 Equipamentos}{chapter.3}% 21
\BOOKMARK [0][]{chapter.4}{4 COMENT\301RIOS FINAIS}{}% 22
\BOOKMARK [0][]{chapter.5}{REFER\312NCIAS BIBLIOGR\301FICAS}{}% 23
